  Demo.cpp
c:\users\bountyhunter\code\heartgoldswoosh\src\swoosh\game.h(53): warning C4244: 'argument': conversion from 'double' to 'T', possible loss of data
          with
          [
              T=float
          ]
c:\users\bountyhunter\code\heartgoldswoosh\src\swoosh\game.h(57): warning C4244: 'argument': conversion from 'double' to 'T', possible loss of data
          with
          [
              T=float
          ]
c:\users\bountyhunter\code\heartgoldswoosh\src\segues\whitewashfade.h(20): warning C4244: 'argument': conversion from 'T' to 'T', possible loss of data
          with
          [
              T=unsigned int
          ]
          and
          [
              T=float
          ]
c:\users\bountyhunter\code\heartgoldswoosh\src\segues\whitewashfade.h(21): warning C4244: 'argument': conversion from 'double' to 'sf::Uint8', possible loss of data
c:\users\bountyhunter\code\heartgoldswoosh\src\segues\slidein.h(35): warning C4244: 'argument': conversion from 'double' to 'float', possible loss of data
c:\users\bountyhunter\code\heartgoldswoosh\src\segues\slidein.h(44): warning C4244: 'argument': conversion from 'double' to 'float', possible loss of data
c:\users\bountyhunter\code\heartgoldswoosh\src\segues\blendfadein.h(34): warning C4244: 'argument': conversion from 'double' to 'sf::Uint8', possible loss of data
c:\users\bountyhunter\code\heartgoldswoosh\src\segues\blendfadein.h(35): warning C4244: 'argument': conversion from 'double' to 'sf::Uint8', possible loss of data
c:\users\bountyhunter\code\heartgoldswoosh\src\segues\pageturn.h(106): warning C4244: 'argument': conversion from 'int' to 'T', possible loss of data
          with
          [
              T=float
          ]
c:\users\bountyhunter\code\heartgoldswoosh\src\segues\pageturn.h(107): warning C4244: 'argument': conversion from 'int' to 'T', possible loss of data
          with
          [
              T=float
          ]
c:\users\bountyhunter\code\heartgoldswoosh\src\segues\pageturn.h(108): warning C4244: 'argument': conversion from 'int' to 'T', possible loss of data
          with
          [
              T=float
          ]
c:\users\bountyhunter\code\heartgoldswoosh\src\segues\pageturn.h(109): warning C4244: 'argument': conversion from 'int' to 'T', possible loss of data
          with
          [
              T=float
          ]
c:\users\bountyhunter\code\heartgoldswoosh\src\segues\pageturn.h(174): warning C4244: '=': conversion from 'double' to 'float', possible loss of data
c:\users\bountyhunter\code\heartgoldswoosh\src\segues\pageturn.h(183): warning C4244: '=': conversion from 'double' to 'float', possible loss of data
c:\users\bountyhunter\code\heartgoldswoosh\src\segues\pageturn.h(184): warning C4244: '=': conversion from 'double' to 'float', possible loss of data
c:\users\bountyhunter\code\heartgoldswoosh\src\segues\pageturn.h(185): warning C4244: '=': conversion from 'double' to 'float', possible loss of data
c:\users\bountyhunter\code\heartgoldswoosh\src\segues\pageturn.h(232): warning C4244: 'argument': conversion from 'T' to 'int', possible loss of data
          with
          [
              T=float
          ]
c:\users\bountyhunter\code\heartgoldswoosh\src\segues\zoomout.h(29): warning C4244: 'argument': conversion from 'double' to 'float', possible loss of data
c:\users\bountyhunter\code\heartgoldswoosh\src\segues\zoomin.h(29): warning C4244: 'argument': conversion from 'double' to 'float', possible loss of data
c:\users\bountyhunter\code\heartgoldswoosh\src\segues\horizontalslice.h(28): warning C4244: 'argument': conversion from 'double' to 'float', possible loss of data
c:\users\bountyhunter\code\heartgoldswoosh\src\segues\horizontalslice.h(32): warning C4244: 'argument': conversion from 'T' to 'float', possible loss of data
          with
          [
              T=unsigned int
          ]
c:\users\bountyhunter\code\heartgoldswoosh\src\segues\horizontalslice.h(32): warning C4244: 'argument': conversion from 'double' to 'float', possible loss of data
c:\users\bountyhunter\code\heartgoldswoosh\src\segues\verticalslice.h(28): warning C4244: 'argument': conversion from 'double' to 'T', possible loss of data
          with
          [
              T=int
          ]
c:\users\bountyhunter\code\heartgoldswoosh\src\segues\verticalslice.h(29): warning C4244: 'argument': conversion from 'double' to 'float', possible loss of data
c:\users\bountyhunter\code\heartgoldswoosh\src\segues\verticalslice.h(32): warning C4244: 'argument': conversion from 'double' to 'T', possible loss of data
          with
          [
              T=int
          ]
c:\users\bountyhunter\code\heartgoldswoosh\src\segues\verticalslice.h(33): warning C4244: 'argument': conversion from 'double' to 'float', possible loss of data
c:\users\bountyhunter\code\heartgoldswoosh\src\segues\horizontalopen.h(28): warning C4244: 'argument': conversion from 'double' to 'float', possible loss of data
c:\users\bountyhunter\code\heartgoldswoosh\src\segues\horizontalopen.h(32): warning C4244: 'argument': conversion from 'double' to 'float', possible loss of data
c:\users\bountyhunter\code\heartgoldswoosh\src\segues\verticalopen.h(26): warning C4244: 'argument': conversion from 'double' to 'T', possible loss of data
          with
          [
              T=int
          ]
c:\users\bountyhunter\code\heartgoldswoosh\src\segues\verticalopen.h(27): warning C4244: 'argument': conversion from 'double' to 'float', possible loss of data
c:\users\bountyhunter\code\heartgoldswoosh\src\segues\verticalopen.h(30): warning C4244: 'argument': conversion from 'double' to 'T', possible loss of data
          with
          [
              T=int
          ]
c:\users\bountyhunter\code\heartgoldswoosh\src\segues\verticalopen.h(31): warning C4244: 'argument': conversion from 'double' to 'float', possible loss of data
c:\users\bountyhunter\code\heartgoldswoosh\exampledemo\swoosh\tmxmaplayer.h(129): warning C4244: 'argument': conversion from 'T' to 'T', possible loss of data
          with
          [
              T=int
          ]
          and
          [
              T=float
          ]
c:\users\bountyhunter\code\heartgoldswoosh\exampledemo\swoosh\tmxmaplayer.h(166): warning C4244: 'argument': conversion from 'size_t' to 'T', possible loss of data
          with
          [
              T=float
          ]
c:\users\bountyhunter\code\heartgoldswoosh\exampledemo\swoosh\tmxmaplayer.h(169): warning C4244: 'argument': conversion from 'uint32_t' to 'T', possible loss of data
          with
          [
              T=float
          ]
c:\users\bountyhunter\code\heartgoldswoosh\exampledemo\swoosh\tmxmaplayer.h(176): warning C4244: 'argument': conversion from 'T' to 'T', possible loss of data
          with
          [
              T=unsigned int
          ]
          and
          [
              T=float
          ]
c:\users\bountyhunter\code\heartgoldswoosh\exampledemo\swoosh\tmxmaplayer.h(177): warning C4244: 'argument': conversion from 'T' to 'T', possible loss of data
          with
          [
              T=unsigned int
          ]
          and
          [
              T=float
          ]
c:\users\bountyhunter\code\heartgoldswoosh\exampledemo\swoosh\tmxmaplayer.h(178): warning C4244: 'argument': conversion from 'T' to 'T', possible loss of data
          with
          [
              T=unsigned int
          ]
          and
          [
              T=float
          ]
c:\users\bountyhunter\code\heartgoldswoosh\exampledemo\swoosh\tmxmaplayer.h(356): warning C4244: '=': conversion from 'int' to 'float', possible loss of data
c:\users\bountyhunter\code\heartgoldswoosh\exampledemo\swoosh\tmxmaplayer.h(357): warning C4244: '=': conversion from 'int' to 'float', possible loss of data
c:\users\bountyhunter\code\heartgoldswoosh\exampledemo\swoosh\tmxmaplayer.h(368): warning C4244: 'argument': conversion from 'float' to 'const unsigned __int64', possible loss of data
c:\users\bountyhunter\code\heartgoldswoosh\exampledemo\swoosh\demoactivities\mainmenuscene.h(63): warning C4244: 'argument': conversion from 'T' to 'float', possible loss of data
          with
          [
              T=unsigned int
          ]
c:\users\bountyhunter\code\heartgoldswoosh\exampledemo\swoosh\demoactivities\mainmenuscene.h(85): warning C4244: 'argument': conversion from 'double' to 'float', possible loss of data
c:\users\bountyhunter\code\heartgoldswoosh\exampledemo\swoosh\demoactivities\mainmenuscene.h(147): warning C4244: 'argument': conversion from 'T' to 'T', possible loss of data
          with
          [
              T=unsigned int
          ]
          and
          [
              T=float
          ]
c:\users\bountyhunter\code\heartgoldswoosh\exampledemo\swoosh\demoactivities\mainmenuscene.h(148): warning C4244: 'argument': conversion from 'double' to 'sf::Uint8', possible loss of data
c:\users\bountyhunter\code\heartgoldswoosh\src\segues\blackwashfade.h(20): warning C4244: 'argument': conversion from 'T' to 'T', possible loss of data
          with
          [
              T=unsigned int
          ]
          and
          [
              T=float
          ]
c:\users\bountyhunter\code\heartgoldswoosh\src\segues\blackwashfade.h(21): warning C4244: 'argument': conversion from 'double' to 'sf::Uint8', possible loss of data
c:\users\bountyhunter\code\heartgoldswoosh\exampledemo\swoosh\demoactivities\battlescene.h(110): warning C4305: 'argument': truncation from 'double' to 'float'
c:\users\bountyhunter\code\heartgoldswoosh\exampledemo\swoosh\demoactivities\battlescene.h(114): warning C4305: 'argument': truncation from 'double' to 'float'
c:\users\bountyhunter\code\heartgoldswoosh\exampledemo\swoosh\demoactivities\battlescene.h(296): warning C4244: '=': conversion from 'double' to 'int', possible loss of data
c:\users\bountyhunter\code\heartgoldswoosh\exampledemo\swoosh\demoactivities\battlescene.h(304): warning C4244: '=': conversion from 'double' to 'int', possible loss of data
c:\users\bountyhunter\code\heartgoldswoosh\exampledemo\swoosh\demoactivities\battlescene.h(313): warning C4244: '=': conversion from 'double' to 'int', possible loss of data
c:\users\bountyhunter\code\heartgoldswoosh\exampledemo\swoosh\demoactivities\battlescene.h(322): warning C4244: '=': conversion from 'double' to 'int', possible loss of data
c:\users\bountyhunter\code\heartgoldswoosh\exampledemo\swoosh\demoactivities\battlescene.h(331): warning C4244: '=': conversion from 'double' to 'int', possible loss of data
c:\users\bountyhunter\code\heartgoldswoosh\exampledemo\swoosh\demoactivities\battlescene.h(340): warning C4244: '=': conversion from 'double' to 'int', possible loss of data
c:\users\bountyhunter\code\heartgoldswoosh\exampledemo\swoosh\demoactivities\battlescene.h(349): warning C4244: '=': conversion from 'double' to 'int', possible loss of data
c:\users\bountyhunter\code\heartgoldswoosh\exampledemo\swoosh\demoactivities\battlescene.h(368): warning C4244: 'argument': conversion from 'double' to 'T', possible loss of data
          with
          [
              T=float
          ]
c:\users\bountyhunter\code\heartgoldswoosh\exampledemo\swoosh\demoactivities\battlescene.h(369): warning C4244: 'argument': conversion from 'double' to 'T', possible loss of data
          with
          [
              T=float
          ]
c:\users\bountyhunter\code\heartgoldswoosh\exampledemo\swoosh\demoactivities\battlescene.h(378): warning C4244: 'argument': conversion from 'double' to 'float', possible loss of data
c:\users\bountyhunter\code\heartgoldswoosh\exampledemo\swoosh\demoactivities\battlescene.h(379): warning C4244: 'argument': conversion from 'double' to 'sf::Uint8', possible loss of data
c:\users\bountyhunter\code\heartgoldswoosh\exampledemo\swoosh\demoactivities\battlescene.h(380): warning C4244: 'argument': conversion from 'double' to 'float', possible loss of data
c:\users\bountyhunter\code\heartgoldswoosh\exampledemo\swoosh\demoactivities\battlescene.h(407): warning C4244: 'argument': conversion from 'int' to 'T', possible loss of data
          with
          [
              T=float
          ]
c:\users\bountyhunter\code\heartgoldswoosh\exampledemo\swoosh\demoactivities\battlescene.h(447): warning C4244: 'argument': conversion from 'double' to 'float', possible loss of data
c:\users\bountyhunter\code\heartgoldswoosh\exampledemo\swoosh\demoactivities\battlescene.h(483): warning C4244: 'initializing': conversion from 'double' to 'float', possible loss of data
c:\users\bountyhunter\code\heartgoldswoosh\exampledemo\swoosh\demoactivities\battlescene.h(484): warning C4244: 'initializing': conversion from 'double' to 'float', possible loss of data
c:\users\bountyhunter\code\heartgoldswoosh\exampledemo\swoosh\demoactivities\battlescene.h(664): warning C4244: 'argument': conversion from 'double' to 'float', possible loss of data
c:\users\bountyhunter\code\heartgoldswoosh\exampledemo\swoosh\demoactivities\battlescene.h(668): warning C4244: 'argument': conversion from 'double' to 'float', possible loss of data
c:\users\bountyhunter\code\heartgoldswoosh\exampledemo\swoosh\demoactivities\battlescene.h(672): warning C4244: 'argument': conversion from 'double' to 'float', possible loss of data
c:\users\bountyhunter\code\heartgoldswoosh\exampledemo\swoosh\demoactivities\battlescene.h(676): warning C4244: 'argument': conversion from 'double' to 'float', possible loss of data
c:\users\bountyhunter\code\heartgoldswoosh\exampledemo\swoosh\demoactivities\battlescene.h(682): warning C4244: 'argument': conversion from 'double' to 'float', possible loss of data
c:\users\bountyhunter\code\heartgoldswoosh\exampledemo\swoosh\demoactivities\battlescene.h(693): warning C4244: 'argument': conversion from 'double' to 'float', possible loss of data
c:\users\bountyhunter\code\heartgoldswoosh\exampledemo\swoosh\demoactivities\battlescene.h(703): warning C4244: 'argument': conversion from 'double' to 'float', possible loss of data
c:\users\bountyhunter\code\heartgoldswoosh\exampledemo\swoosh\demoactivities\battlescene.h(713): warning C4244: 'argument': conversion from 'double' to 'float', possible loss of data
c:\users\bountyhunter\code\heartgoldswoosh\exampledemo\swoosh\demoactivities\battlescene.h(726): warning C4244: 'argument': conversion from 'double' to 'float', possible loss of data
c:\users\bountyhunter\code\heartgoldswoosh\exampledemo\swoosh\custompokemonsegues\displacementpokemonsegue.h(60): warning C4244: 'argument': conversion from 'T' to 'T', possible loss of data
          with
          [
              T=unsigned int
          ]
          and
          [
              T=float
          ]
c:\users\bountyhunter\code\heartgoldswoosh\exampledemo\swoosh\custompokemonsegues\displacementpokemonsegue.h(61): warning C4244: 'argument': conversion from 'double' to 'sf::Uint8', possible loss of data
c:\users\bountyhunter\code\heartgoldswoosh\exampledemo\swoosh\custompokemonsegues\displacementpokemonsegue.h(119): warning C4244: '=': conversion from 'double' to 'int', possible loss of data
c:\users\bountyhunter\code\heartgoldswoosh\exampledemo\swoosh\demoactivities\overworldscene.h(64): warning C4244: 'argument': conversion from 'T' to 'float', possible loss of data
          with
          [
              T=unsigned int
          ]
c:\users\bountyhunter\code\heartgoldswoosh\exampledemo\swoosh\demoactivities\overworldscene.h(187): warning C4244: 'argument': conversion from 'double' to 'float', possible loss of data
c:\users\bountyhunter\code\heartgoldswoosh\exampledemo\swoosh\demo.cpp(29): warning C4244: 'argument': conversion from 'double' to 'float', possible loss of data
c:\users\bountyhunter\code\heartgoldswoosh\exampledemo\swoosh\demo.cpp(59): warning C4244: 'argument': conversion from 'double' to 'float', possible loss of data
c:\users\bountyhunter\code\heartgoldswoosh\src\swoosh\ease.h(8): warning C4244: 'return': conversion from 'double' to 'T', possible loss of data
          with
          [
              T=float
          ]
  c:\users\bountyhunter\code\heartgoldswoosh\src\segues\pageturn.h(143): note: see reference to function template instantiation 'T swoosh::ease::radians<float>(T)' being compiled
          with
          [
              T=float
          ]
c:\users\bountyhunter\code\heartgoldswoosh\src\swoosh\ease.h(17): warning C4244: 'initializing': conversion from 'double' to 'T', possible loss of data
          with
          [
              T=float
          ]
  c:\users\bountyhunter\code\heartgoldswoosh\exampledemo\swoosh\demoactivities\mainmenuscene.h(143): note: see reference to function template instantiation 'T swoosh::ease::linear<float>(T,T,T)' being compiled
          with
          [
              T=float
          ]
c:\users\bountyhunter\code\heartgoldswoosh\exampledemo\swoosh\custompokemonsegues\greyscalepatternpokemonsegue.h(127): warning C4244: '=': conversion from 'double' to 'int', possible loss of data
  c:\users\bountyhunter\code\heartgoldswoosh\exampledemo\swoosh\custompokemonsegues\greyscalepatternpokemonsegue.h(112): note: while compiling class template member function 'GreyScalePatternPokemonSegue<RETRO_BLIT>::GreyScalePatternPokemonSegue(sf::Time,swoosh::Activity *,swoosh::Activity *)'
  c:\users\bountyhunter\code\heartgoldswoosh\src\swoosh\activitycontroller.h(99): note: see reference to function template instantiation 'GreyScalePatternPokemonSegue<RETRO_BLIT>::GreyScalePatternPokemonSegue(sf::Time,swoosh::Activity *,swoosh::Activity *)' being compiled
  c:\users\bountyhunter\code\heartgoldswoosh\src\swoosh\activitycontroller.h(93): note: see reference to class template instantiation 'GreyScalePatternPokemonSegue<RETRO_BLIT>' being compiled
  c:\users\bountyhunter\code\heartgoldswoosh\src\swoosh\activitycontroller.h(186): note: see reference to function template instantiation 'void swoosh::ActivityController::segue<PokemonRetroBlit,swoosh::intent::seconds<3>>::to<BattleScene>::delegateActivityPush<ResourceManager&,std::vector<pokemon::monster,std::allocator<_Ty>>&>(swoosh::ActivityController &,ResourceManager &,std::vector<_Ty,std::allocator<_Ty>> &)' being compiled
          with
          [
              _Ty=pokemon::monster
          ]
  c:\users\bountyhunter\code\heartgoldswoosh\src\swoosh\activitycontroller.h(190): note: see reference to function template instantiation 'void swoosh::ActivityController::segue<PokemonRetroBlit,swoosh::intent::seconds<3>>::to<BattleScene>::delegateActivityPush<ResourceManager&,std::vector<pokemon::monster,std::allocator<_Ty>>&>(swoosh::ActivityController &,ResourceManager &,std::vector<_Ty,std::allocator<_Ty>> &)' being compiled
          with
          [
              _Ty=pokemon::monster
          ]
  c:\users\bountyhunter\code\heartgoldswoosh\src\swoosh\activitycontroller.h(215): note: see reference to function template instantiation 'swoosh::ActivityController::ResolvePushSegueIntent<T,false>::ResolvePushSegueIntent<ResourceManager&,std::vector<pokemon::monster,std::allocator<_Ty>>&>(swoosh::ActivityController &,ResourceManager &,std::vector<_Ty,std::allocator<_Ty>> &)' being compiled
          with
          [
              T=swoosh::ActivityController::segue<PokemonRetroBlit,swoosh::intent::seconds<3>>::to<BattleScene>,
              _Ty=pokemon::monster
          ]
  c:\users\bountyhunter\code\heartgoldswoosh\src\swoosh\activitycontroller.h(216): note: see reference to function template instantiation 'swoosh::ActivityController::ResolvePushSegueIntent<T,false>::ResolvePushSegueIntent<ResourceManager&,std::vector<pokemon::monster,std::allocator<_Ty>>&>(swoosh::ActivityController &,ResourceManager &,std::vector<_Ty,std::allocator<_Ty>> &)' being compiled
          with
          [
              T=swoosh::ActivityController::segue<PokemonRetroBlit,swoosh::intent::seconds<3>>::to<BattleScene>,
              _Ty=pokemon::monster
          ]
  c:\users\bountyhunter\code\heartgoldswoosh\exampledemo\swoosh\demoactivities\overworldscene.h(119): note: see reference to function template instantiation 'void swoosh::ActivityController::push<swoosh::ActivityController::segue<PokemonRetroBlit,swoosh::intent::seconds<3>>::to<BattleScene>,ResourceManager&,std::vector<pokemon::monster,std::allocator<_Ty>>&>(ResourceManager &,std::vector<_Ty,std::allocator<_Ty>> &)' being compiled
          with
          [
              _Ty=pokemon::monster
          ]
c:\users\bountyhunter\code\heartgoldswoosh\exampledemo\swoosh\custompokemonsegues\greyscalepatternpokemonsegue.h(66): warning C4244: 'argument': conversion from 'T' to 'T', possible loss of data
          with
          [
              T=unsigned int
          ]
          and
          [
              T=float
          ]
  c:\users\bountyhunter\code\heartgoldswoosh\exampledemo\swoosh\custompokemonsegues\greyscalepatternpokemonsegue.h(51): note: while compiling class template member function 'void GreyScalePatternPokemonSegue<RETRO_BLIT>::onDraw(sf::RenderTexture &)'
c:\users\bountyhunter\code\heartgoldswoosh\exampledemo\swoosh\custompokemonsegues\greyscalepatternpokemonsegue.h(67): warning C4244: 'argument': conversion from 'double' to 'sf::Uint8', possible loss of data
  FlameThrowerAction.cpp
c:\users\bountyhunter\code\heartgoldswoosh\src\swoosh\game.h(53): warning C4244: 'argument': conversion from 'double' to 'T', possible loss of data
          with
          [
              T=float
          ]
c:\users\bountyhunter\code\heartgoldswoosh\src\swoosh\game.h(57): warning C4244: 'argument': conversion from 'double' to 'T', possible loss of data
          with
          [
              T=float
          ]
c:\users\bountyhunter\code\heartgoldswoosh\src\segues\whitewashfade.h(20): warning C4244: 'argument': conversion from 'T' to 'T', possible loss of data
          with
          [
              T=unsigned int
          ]
          and
          [
              T=float
          ]
c:\users\bountyhunter\code\heartgoldswoosh\src\segues\whitewashfade.h(21): warning C4244: 'argument': conversion from 'double' to 'sf::Uint8', possible loss of data
c:\users\bountyhunter\code\heartgoldswoosh\src\segues\blackwashfade.h(20): warning C4244: 'argument': conversion from 'T' to 'T', possible loss of data
          with
          [
              T=unsigned int
          ]
          and
          [
              T=float
          ]
c:\users\bountyhunter\code\heartgoldswoosh\src\segues\blackwashfade.h(21): warning C4244: 'argument': conversion from 'double' to 'sf::Uint8', possible loss of data
c:\users\bountyhunter\code\heartgoldswoosh\exampledemo\swoosh\tmxmaplayer.h(129): warning C4244: 'argument': conversion from 'T' to 'T', possible loss of data
          with
          [
              T=int
          ]
          and
          [
              T=float
          ]
c:\users\bountyhunter\code\heartgoldswoosh\exampledemo\swoosh\tmxmaplayer.h(166): warning C4244: 'argument': conversion from 'size_t' to 'T', possible loss of data
          with
          [
              T=float
          ]
c:\users\bountyhunter\code\heartgoldswoosh\exampledemo\swoosh\tmxmaplayer.h(169): warning C4244: 'argument': conversion from 'uint32_t' to 'T', possible loss of data
          with
          [
              T=float
          ]
c:\users\bountyhunter\code\heartgoldswoosh\exampledemo\swoosh\tmxmaplayer.h(176): warning C4244: 'argument': conversion from 'T' to 'T', possible loss of data
          with
          [
              T=unsigned int
          ]
          and
          [
              T=float
          ]
c:\users\bountyhunter\code\heartgoldswoosh\exampledemo\swoosh\tmxmaplayer.h(177): warning C4244: 'argument': conversion from 'T' to 'T', possible loss of data
          with
          [
              T=unsigned int
          ]
          and
          [
              T=float
          ]
c:\users\bountyhunter\code\heartgoldswoosh\exampledemo\swoosh\tmxmaplayer.h(178): warning C4244: 'argument': conversion from 'T' to 'T', possible loss of data
          with
          [
              T=unsigned int
          ]
          and
          [
              T=float
          ]
c:\users\bountyhunter\code\heartgoldswoosh\exampledemo\swoosh\tmxmaplayer.h(356): warning C4244: '=': conversion from 'int' to 'float', possible loss of data
c:\users\bountyhunter\code\heartgoldswoosh\exampledemo\swoosh\tmxmaplayer.h(357): warning C4244: '=': conversion from 'int' to 'float', possible loss of data
c:\users\bountyhunter\code\heartgoldswoosh\exampledemo\swoosh\tmxmaplayer.h(368): warning C4244: 'argument': conversion from 'float' to 'const unsigned __int64', possible loss of data
c:\users\bountyhunter\code\heartgoldswoosh\exampledemo\swoosh\demoactivities\battlescene.h(110): warning C4305: 'argument': truncation from 'double' to 'float'
c:\users\bountyhunter\code\heartgoldswoosh\exampledemo\swoosh\demoactivities\battlescene.h(114): warning C4305: 'argument': truncation from 'double' to 'float'
c:\users\bountyhunter\code\heartgoldswoosh\exampledemo\swoosh\demoactivities\battlescene.h(296): warning C4244: '=': conversion from 'double' to 'int', possible loss of data
c:\users\bountyhunter\code\heartgoldswoosh\exampledemo\swoosh\demoactivities\battlescene.h(304): warning C4244: '=': conversion from 'double' to 'int', possible loss of data
c:\users\bountyhunter\code\heartgoldswoosh\exampledemo\swoosh\demoactivities\battlescene.h(313): warning C4244: '=': conversion from 'double' to 'int', possible loss of data
c:\users\bountyhunter\code\heartgoldswoosh\exampledemo\swoosh\demoactivities\battlescene.h(322): warning C4244: '=': conversion from 'double' to 'int', possible loss of data
c:\users\bountyhunter\code\heartgoldswoosh\exampledemo\swoosh\demoactivities\battlescene.h(331): warning C4244: '=': conversion from 'double' to 'int', possible loss of data
c:\users\bountyhunter\code\heartgoldswoosh\exampledemo\swoosh\demoactivities\battlescene.h(340): warning C4244: '=': conversion from 'double' to 'int', possible loss of data
c:\users\bountyhunter\code\heartgoldswoosh\exampledemo\swoosh\demoactivities\battlescene.h(349): warning C4244: '=': conversion from 'double' to 'int', possible loss of data
c:\users\bountyhunter\code\heartgoldswoosh\exampledemo\swoosh\demoactivities\battlescene.h(368): warning C4244: 'argument': conversion from 'double' to 'T', possible loss of data
          with
          [
              T=float
          ]
c:\users\bountyhunter\code\heartgoldswoosh\exampledemo\swoosh\demoactivities\battlescene.h(369): warning C4244: 'argument': conversion from 'double' to 'T', possible loss of data
          with
          [
              T=float
          ]
c:\users\bountyhunter\code\heartgoldswoosh\exampledemo\swoosh\demoactivities\battlescene.h(378): warning C4244: 'argument': conversion from 'double' to 'float', possible loss of data
c:\users\bountyhunter\code\heartgoldswoosh\exampledemo\swoosh\demoactivities\battlescene.h(379): warning C4244: 'argument': conversion from 'double' to 'sf::Uint8', possible loss of data
c:\users\bountyhunter\code\heartgoldswoosh\exampledemo\swoosh\demoactivities\battlescene.h(380): warning C4244: 'argument': conversion from 'double' to 'float', possible loss of data
c:\users\bountyhunter\code\heartgoldswoosh\exampledemo\swoosh\demoactivities\battlescene.h(407): warning C4244: 'argument': conversion from 'int' to 'T', possible loss of data
          with
          [
              T=float
          ]
c:\users\bountyhunter\code\heartgoldswoosh\exampledemo\swoosh\demoactivities\battlescene.h(447): warning C4244: 'argument': conversion from 'double' to 'float', possible loss of data
c:\users\bountyhunter\code\heartgoldswoosh\exampledemo\swoosh\demoactivities\battlescene.h(483): warning C4244: 'initializing': conversion from 'double' to 'float', possible loss of data
c:\users\bountyhunter\code\heartgoldswoosh\exampledemo\swoosh\demoactivities\battlescene.h(484): warning C4244: 'initializing': conversion from 'double' to 'float', possible loss of data
c:\users\bountyhunter\code\heartgoldswoosh\exampledemo\swoosh\demoactivities\battlescene.h(664): warning C4244: 'argument': conversion from 'double' to 'float', possible loss of data
c:\users\bountyhunter\code\heartgoldswoosh\exampledemo\swoosh\demoactivities\battlescene.h(668): warning C4244: 'argument': conversion from 'double' to 'float', possible loss of data
c:\users\bountyhunter\code\heartgoldswoosh\exampledemo\swoosh\demoactivities\battlescene.h(672): warning C4244: 'argument': conversion from 'double' to 'float', possible loss of data
c:\users\bountyhunter\code\heartgoldswoosh\exampledemo\swoosh\demoactivities\battlescene.h(676): warning C4244: 'argument': conversion from 'double' to 'float', possible loss of data
c:\users\bountyhunter\code\heartgoldswoosh\exampledemo\swoosh\demoactivities\battlescene.h(682): warning C4244: 'argument': conversion from 'double' to 'float', possible loss of data
c:\users\bountyhunter\code\heartgoldswoosh\exampledemo\swoosh\demoactivities\battlescene.h(693): warning C4244: 'argument': conversion from 'double' to 'float', possible loss of data
c:\users\bountyhunter\code\heartgoldswoosh\exampledemo\swoosh\demoactivities\battlescene.h(703): warning C4244: 'argument': conversion from 'double' to 'float', possible loss of data
c:\users\bountyhunter\code\heartgoldswoosh\exampledemo\swoosh\demoactivities\battlescene.h(713): warning C4244: 'argument': conversion from 'double' to 'float', possible loss of data
c:\users\bountyhunter\code\heartgoldswoosh\exampledemo\swoosh\demoactivities\battlescene.h(726): warning C4244: 'argument': conversion from 'double' to 'float', possible loss of data
c:\users\bountyhunter\code\heartgoldswoosh\exampledemo\swoosh\flamethroweraction.cpp(27): warning C4244: 'initializing': conversion from 'double' to 'int', possible loss of data
c:\users\bountyhunter\code\heartgoldswoosh\exampledemo\swoosh\flamethroweraction.cpp(36): warning C4244: '+=': conversion from 'double' to 'T', possible loss of data
          with
          [
              T=float
          ]
c:\users\bountyhunter\code\heartgoldswoosh\exampledemo\swoosh\flamethroweraction.cpp(40): warning C4244: 'argument': conversion from 'int' to 'T', possible loss of data
          with
          [
              T=float
          ]
c:\users\bountyhunter\code\heartgoldswoosh\exampledemo\swoosh\flamethroweraction.cpp(49): warning C4244: 'initializing': conversion from 'double' to 'int', possible loss of data
c:\users\bountyhunter\code\heartgoldswoosh\exampledemo\swoosh\flamethroweraction.cpp(54): warning C4244: 'argument': conversion from 'double' to 'sf::Uint8', possible loss of data
c:\users\bountyhunter\code\heartgoldswoosh\src\swoosh\ease.h(17): warning C4244: 'initializing': conversion from 'double' to 'T', possible loss of data
          with
          [
              T=float
          ]
  c:\users\bountyhunter\code\heartgoldswoosh\exampledemo\swoosh\demoactivities\battlescene.h(474): note: see reference to function template instantiation 'T swoosh::ease::linear<float>(T,T,T)' being compiled
          with
          [
              T=float
          ]
  FlyAction.cpp
c:\users\bountyhunter\code\heartgoldswoosh\exampledemo\swoosh\tmxmaplayer.h(129): warning C4244: 'argument': conversion from 'T' to 'T', possible loss of data
          with
          [
              T=int
          ]
          and
          [
              T=float
          ]
c:\users\bountyhunter\code\heartgoldswoosh\exampledemo\swoosh\tmxmaplayer.h(166): warning C4244: 'argument': conversion from 'size_t' to 'T', possible loss of data
          with
          [
              T=float
          ]
c:\users\bountyhunter\code\heartgoldswoosh\exampledemo\swoosh\tmxmaplayer.h(169): warning C4244: 'argument': conversion from 'uint32_t' to 'T', possible loss of data
          with
          [
              T=float
          ]
c:\users\bountyhunter\code\heartgoldswoosh\exampledemo\swoosh\tmxmaplayer.h(176): warning C4244: 'argument': conversion from 'T' to 'T', possible loss of data
          with
          [
              T=unsigned int
          ]
          and
          [
              T=float
          ]
c:\users\bountyhunter\code\heartgoldswoosh\exampledemo\swoosh\tmxmaplayer.h(177): warning C4244: 'argument': conversion from 'T' to 'T', possible loss of data
          with
          [
              T=unsigned int
          ]
          and
          [
              T=float
          ]
c:\users\bountyhunter\code\heartgoldswoosh\exampledemo\swoosh\tmxmaplayer.h(178): warning C4244: 'argument': conversion from 'T' to 'T', possible loss of data
          with
          [
              T=unsigned int
          ]
          and
          [
              T=float
          ]
c:\users\bountyhunter\code\heartgoldswoosh\exampledemo\swoosh\tmxmaplayer.h(356): warning C4244: '=': conversion from 'int' to 'float', possible loss of data
c:\users\bountyhunter\code\heartgoldswoosh\exampledemo\swoosh\tmxmaplayer.h(357): warning C4244: '=': conversion from 'int' to 'float', possible loss of data
c:\users\bountyhunter\code\heartgoldswoosh\exampledemo\swoosh\tmxmaplayer.h(368): warning C4244: 'argument': conversion from 'float' to 'const unsigned __int64', possible loss of data
c:\users\bountyhunter\code\heartgoldswoosh\exampledemo\swoosh\flyaction.cpp(21): warning C4244: 'argument': conversion from 'double' to 'float', possible loss of data
  GainXPStep.cpp
c:\users\bountyhunter\code\heartgoldswoosh\exampledemo\swoosh\tmxmaplayer.h(129): warning C4244: 'argument': conversion from 'T' to 'T', possible loss of data
          with
          [
              T=int
          ]
          and
          [
              T=float
          ]
c:\users\bountyhunter\code\heartgoldswoosh\exampledemo\swoosh\tmxmaplayer.h(166): warning C4244: 'argument': conversion from 'size_t' to 'T', possible loss of data
          with
          [
              T=float
          ]
c:\users\bountyhunter\code\heartgoldswoosh\exampledemo\swoosh\tmxmaplayer.h(169): warning C4244: 'argument': conversion from 'uint32_t' to 'T', possible loss of data
          with
          [
              T=float
          ]
c:\users\bountyhunter\code\heartgoldswoosh\exampledemo\swoosh\tmxmaplayer.h(176): warning C4244: 'argument': conversion from 'T' to 'T', possible loss of data
          with
          [
              T=unsigned int
          ]
          and
          [
              T=float
          ]
c:\users\bountyhunter\code\heartgoldswoosh\exampledemo\swoosh\tmxmaplayer.h(177): warning C4244: 'argument': conversion from 'T' to 'T', possible loss of data
          with
          [
              T=unsigned int
          ]
          and
          [
              T=float
          ]
c:\users\bountyhunter\code\heartgoldswoosh\exampledemo\swoosh\tmxmaplayer.h(178): warning C4244: 'argument': conversion from 'T' to 'T', possible loss of data
          with
          [
              T=unsigned int
          ]
          and
          [
              T=float
          ]
c:\users\bountyhunter\code\heartgoldswoosh\exampledemo\swoosh\tmxmaplayer.h(356): warning C4244: '=': conversion from 'int' to 'float', possible loss of data
c:\users\bountyhunter\code\heartgoldswoosh\exampledemo\swoosh\tmxmaplayer.h(357): warning C4244: '=': conversion from 'int' to 'float', possible loss of data
c:\users\bountyhunter\code\heartgoldswoosh\exampledemo\swoosh\tmxmaplayer.h(368): warning C4244: 'argument': conversion from 'float' to 'const unsigned __int64', possible loss of data
c:\users\bountyhunter\code\heartgoldswoosh\exampledemo\swoosh\gainxpstep.cpp(12): warning C4244: '=': conversion from 'double' to 'int', possible loss of data
  LeaveBattleScene.cpp
c:\users\bountyhunter\code\heartgoldswoosh\src\swoosh\game.h(53): warning C4244: 'argument': conversion from 'double' to 'T', possible loss of data
          with
          [
              T=float
          ]
c:\users\bountyhunter\code\heartgoldswoosh\src\swoosh\game.h(57): warning C4244: 'argument': conversion from 'double' to 'T', possible loss of data
          with
          [
              T=float
          ]
c:\users\bountyhunter\code\heartgoldswoosh\src\segues\whitewashfade.h(20): warning C4244: 'argument': conversion from 'T' to 'T', possible loss of data
          with
          [
              T=unsigned int
          ]
          and
          [
              T=float
          ]
c:\users\bountyhunter\code\heartgoldswoosh\src\segues\whitewashfade.h(21): warning C4244: 'argument': conversion from 'double' to 'sf::Uint8', possible loss of data
c:\users\bountyhunter\code\heartgoldswoosh\src\segues\blackwashfade.h(20): warning C4244: 'argument': conversion from 'T' to 'T', possible loss of data
          with
          [
              T=unsigned int
          ]
          and
          [
              T=float
          ]
c:\users\bountyhunter\code\heartgoldswoosh\src\segues\blackwashfade.h(21): warning C4244: 'argument': conversion from 'double' to 'sf::Uint8', possible loss of data
c:\users\bountyhunter\code\heartgoldswoosh\exampledemo\swoosh\tmxmaplayer.h(129): warning C4244: 'argument': conversion from 'T' to 'T', possible loss of data
          with
          [
              T=int
          ]
          and
          [
              T=float
          ]
c:\users\bountyhunter\code\heartgoldswoosh\exampledemo\swoosh\tmxmaplayer.h(166): warning C4244: 'argument': conversion from 'size_t' to 'T', possible loss of data
          with
          [
              T=float
          ]
c:\users\bountyhunter\code\heartgoldswoosh\exampledemo\swoosh\tmxmaplayer.h(169): warning C4244: 'argument': conversion from 'uint32_t' to 'T', possible loss of data
          with
          [
              T=float
          ]
c:\users\bountyhunter\code\heartgoldswoosh\exampledemo\swoosh\tmxmaplayer.h(176): warning C4244: 'argument': conversion from 'T' to 'T', possible loss of data
          with
          [
              T=unsigned int
          ]
          and
          [
              T=float
          ]
c:\users\bountyhunter\code\heartgoldswoosh\exampledemo\swoosh\tmxmaplayer.h(177): warning C4244: 'argument': conversion from 'T' to 'T', possible loss of data
          with
          [
              T=unsigned int
          ]
          and
          [
              T=float
          ]
c:\users\bountyhunter\code\heartgoldswoosh\exampledemo\swoosh\tmxmaplayer.h(178): warning C4244: 'argument': conversion from 'T' to 'T', possible loss of data
          with
          [
              T=unsigned int
          ]
          and
          [
              T=float
          ]
c:\users\bountyhunter\code\heartgoldswoosh\exampledemo\swoosh\tmxmaplayer.h(356): warning C4244: '=': conversion from 'int' to 'float', possible loss of data
c:\users\bountyhunter\code\heartgoldswoosh\exampledemo\swoosh\tmxmaplayer.h(357): warning C4244: '=': conversion from 'int' to 'float', possible loss of data
c:\users\bountyhunter\code\heartgoldswoosh\exampledemo\swoosh\tmxmaplayer.h(368): warning C4244: 'argument': conversion from 'float' to 'const unsigned __int64', possible loss of data
c:\users\bountyhunter\code\heartgoldswoosh\exampledemo\swoosh\demoactivities\battlescene.h(110): warning C4305: 'argument': truncation from 'double' to 'float'
c:\users\bountyhunter\code\heartgoldswoosh\exampledemo\swoosh\demoactivities\battlescene.h(114): warning C4305: 'argument': truncation from 'double' to 'float'
c:\users\bountyhunter\code\heartgoldswoosh\exampledemo\swoosh\demoactivities\battlescene.h(296): warning C4244: '=': conversion from 'double' to 'int', possible loss of data
c:\users\bountyhunter\code\heartgoldswoosh\exampledemo\swoosh\demoactivities\battlescene.h(304): warning C4244: '=': conversion from 'double' to 'int', possible loss of data
c:\users\bountyhunter\code\heartgoldswoosh\exampledemo\swoosh\demoactivities\battlescene.h(313): warning C4244: '=': conversion from 'double' to 'int', possible loss of data
c:\users\bountyhunter\code\heartgoldswoosh\exampledemo\swoosh\demoactivities\battlescene.h(322): warning C4244: '=': conversion from 'double' to 'int', possible loss of data
c:\users\bountyhunter\code\heartgoldswoosh\exampledemo\swoosh\demoactivities\battlescene.h(331): warning C4244: '=': conversion from 'double' to 'int', possible loss of data
c:\users\bountyhunter\code\heartgoldswoosh\exampledemo\swoosh\demoactivities\battlescene.h(340): warning C4244: '=': conversion from 'double' to 'int', possible loss of data
c:\users\bountyhunter\code\heartgoldswoosh\exampledemo\swoosh\demoactivities\battlescene.h(349): warning C4244: '=': conversion from 'double' to 'int', possible loss of data
c:\users\bountyhunter\code\heartgoldswoosh\exampledemo\swoosh\demoactivities\battlescene.h(368): warning C4244: 'argument': conversion from 'double' to 'T', possible loss of data
          with
          [
              T=float
          ]
c:\users\bountyhunter\code\heartgoldswoosh\exampledemo\swoosh\demoactivities\battlescene.h(369): warning C4244: 'argument': conversion from 'double' to 'T', possible loss of data
          with
          [
              T=float
          ]
c:\users\bountyhunter\code\heartgoldswoosh\exampledemo\swoosh\demoactivities\battlescene.h(378): warning C4244: 'argument': conversion from 'double' to 'float', possible loss of data
c:\users\bountyhunter\code\heartgoldswoosh\exampledemo\swoosh\demoactivities\battlescene.h(379): warning C4244: 'argument': conversion from 'double' to 'sf::Uint8', possible loss of data
c:\users\bountyhunter\code\heartgoldswoosh\exampledemo\swoosh\demoactivities\battlescene.h(380): warning C4244: 'argument': conversion from 'double' to 'float', possible loss of data
c:\users\bountyhunter\code\heartgoldswoosh\exampledemo\swoosh\demoactivities\battlescene.h(407): warning C4244: 'argument': conversion from 'int' to 'T', possible loss of data
          with
          [
              T=float
          ]
c:\users\bountyhunter\code\heartgoldswoosh\exampledemo\swoosh\demoactivities\battlescene.h(447): warning C4244: 'argument': conversion from 'double' to 'float', possible loss of data
c:\users\bountyhunter\code\heartgoldswoosh\exampledemo\swoosh\demoactivities\battlescene.h(483): warning C4244: 'initializing': conversion from 'double' to 'float', possible loss of data
c:\users\bountyhunter\code\heartgoldswoosh\exampledemo\swoosh\demoactivities\battlescene.h(484): warning C4244: 'initializing': conversion from 'double' to 'float', possible loss of data
c:\users\bountyhunter\code\heartgoldswoosh\exampledemo\swoosh\demoactivities\battlescene.h(664): warning C4244: 'argument': conversion from 'double' to 'float', possible loss of data
c:\users\bountyhunter\code\heartgoldswoosh\exampledemo\swoosh\demoactivities\battlescene.h(668): warning C4244: 'argument': conversion from 'double' to 'float', possible loss of data
c:\users\bountyhunter\code\heartgoldswoosh\exampledemo\swoosh\demoactivities\battlescene.h(672): warning C4244: 'argument': conversion from 'double' to 'float', possible loss of data
c:\users\bountyhunter\code\heartgoldswoosh\exampledemo\swoosh\demoactivities\battlescene.h(676): warning C4244: 'argument': conversion from 'double' to 'float', possible loss of data
c:\users\bountyhunter\code\heartgoldswoosh\exampledemo\swoosh\demoactivities\battlescene.h(682): warning C4244: 'argument': conversion from 'double' to 'float', possible loss of data
c:\users\bountyhunter\code\heartgoldswoosh\exampledemo\swoosh\demoactivities\battlescene.h(693): warning C4244: 'argument': conversion from 'double' to 'float', possible loss of data
c:\users\bountyhunter\code\heartgoldswoosh\exampledemo\swoosh\demoactivities\battlescene.h(703): warning C4244: 'argument': conversion from 'double' to 'float', possible loss of data
c:\users\bountyhunter\code\heartgoldswoosh\exampledemo\swoosh\demoactivities\battlescene.h(713): warning C4244: 'argument': conversion from 'double' to 'float', possible loss of data
c:\users\bountyhunter\code\heartgoldswoosh\exampledemo\swoosh\demoactivities\battlescene.h(726): warning C4244: 'argument': conversion from 'double' to 'float', possible loss of data
c:\users\bountyhunter\code\heartgoldswoosh\src\swoosh\ease.h(17): warning C4244: 'initializing': conversion from 'double' to 'T', possible loss of data
          with
          [
              T=float
          ]
  c:\users\bountyhunter\code\heartgoldswoosh\exampledemo\swoosh\demoactivities\battlescene.h(474): note: see reference to function template instantiation 'T swoosh::ease::linear<float>(T,T,T)' being compiled
          with
          [
              T=float
          ]
  SignalCheckHP.cpp
c:\users\bountyhunter\code\heartgoldswoosh\src\swoosh\game.h(53): warning C4244: 'argument': conversion from 'double' to 'T', possible loss of data
          with
          [
              T=float
          ]
c:\users\bountyhunter\code\heartgoldswoosh\src\swoosh\game.h(57): warning C4244: 'argument': conversion from 'double' to 'T', possible loss of data
          with
          [
              T=float
          ]
c:\users\bountyhunter\code\heartgoldswoosh\src\segues\whitewashfade.h(20): warning C4244: 'argument': conversion from 'T' to 'T', possible loss of data
          with
          [
              T=unsigned int
          ]
          and
          [
              T=float
          ]
c:\users\bountyhunter\code\heartgoldswoosh\src\segues\whitewashfade.h(21): warning C4244: 'argument': conversion from 'double' to 'sf::Uint8', possible loss of data
c:\users\bountyhunter\code\heartgoldswoosh\src\segues\blackwashfade.h(20): warning C4244: 'argument': conversion from 'T' to 'T', possible loss of data
          with
          [
              T=unsigned int
          ]
          and
          [
              T=float
          ]
c:\users\bountyhunter\code\heartgoldswoosh\src\segues\blackwashfade.h(21): warning C4244: 'argument': conversion from 'double' to 'sf::Uint8', possible loss of data
c:\users\bountyhunter\code\heartgoldswoosh\exampledemo\swoosh\tmxmaplayer.h(129): warning C4244: 'argument': conversion from 'T' to 'T', possible loss of data
          with
          [
              T=int
          ]
          and
          [
              T=float
          ]
c:\users\bountyhunter\code\heartgoldswoosh\exampledemo\swoosh\tmxmaplayer.h(166): warning C4244: 'argument': conversion from 'size_t' to 'T', possible loss of data
          with
          [
              T=float
          ]
c:\users\bountyhunter\code\heartgoldswoosh\exampledemo\swoosh\tmxmaplayer.h(169): warning C4244: 'argument': conversion from 'uint32_t' to 'T', possible loss of data
          with
          [
              T=float
          ]
c:\users\bountyhunter\code\heartgoldswoosh\exampledemo\swoosh\tmxmaplayer.h(176): warning C4244: 'argument': conversion from 'T' to 'T', possible loss of data
          with
          [
              T=unsigned int
          ]
          and
          [
              T=float
          ]
c:\users\bountyhunter\code\heartgoldswoosh\exampledemo\swoosh\tmxmaplayer.h(177): warning C4244: 'argument': conversion from 'T' to 'T', possible loss of data
          with
          [
              T=unsigned int
          ]
          and
          [
              T=float
          ]
c:\users\bountyhunter\code\heartgoldswoosh\exampledemo\swoosh\tmxmaplayer.h(178): warning C4244: 'argument': conversion from 'T' to 'T', possible loss of data
          with
          [
              T=unsigned int
          ]
          and
          [
              T=float
          ]
c:\users\bountyhunter\code\heartgoldswoosh\exampledemo\swoosh\tmxmaplayer.h(356): warning C4244: '=': conversion from 'int' to 'float', possible loss of data
c:\users\bountyhunter\code\heartgoldswoosh\exampledemo\swoosh\tmxmaplayer.h(357): warning C4244: '=': conversion from 'int' to 'float', possible loss of data
c:\users\bountyhunter\code\heartgoldswoosh\exampledemo\swoosh\tmxmaplayer.h(368): warning C4244: 'argument': conversion from 'float' to 'const unsigned __int64', possible loss of data
c:\users\bountyhunter\code\heartgoldswoosh\exampledemo\swoosh\demoactivities\battlescene.h(110): warning C4305: 'argument': truncation from 'double' to 'float'
c:\users\bountyhunter\code\heartgoldswoosh\exampledemo\swoosh\demoactivities\battlescene.h(114): warning C4305: 'argument': truncation from 'double' to 'float'
c:\users\bountyhunter\code\heartgoldswoosh\exampledemo\swoosh\demoactivities\battlescene.h(296): warning C4244: '=': conversion from 'double' to 'int', possible loss of data
c:\users\bountyhunter\code\heartgoldswoosh\exampledemo\swoosh\demoactivities\battlescene.h(304): warning C4244: '=': conversion from 'double' to 'int', possible loss of data
c:\users\bountyhunter\code\heartgoldswoosh\exampledemo\swoosh\demoactivities\battlescene.h(313): warning C4244: '=': conversion from 'double' to 'int', possible loss of data
c:\users\bountyhunter\code\heartgoldswoosh\exampledemo\swoosh\demoactivities\battlescene.h(322): warning C4244: '=': conversion from 'double' to 'int', possible loss of data
c:\users\bountyhunter\code\heartgoldswoosh\exampledemo\swoosh\demoactivities\battlescene.h(331): warning C4244: '=': conversion from 'double' to 'int', possible loss of data
c:\users\bountyhunter\code\heartgoldswoosh\exampledemo\swoosh\demoactivities\battlescene.h(340): warning C4244: '=': conversion from 'double' to 'int', possible loss of data
c:\users\bountyhunter\code\heartgoldswoosh\exampledemo\swoosh\demoactivities\battlescene.h(349): warning C4244: '=': conversion from 'double' to 'int', possible loss of data
c:\users\bountyhunter\code\heartgoldswoosh\exampledemo\swoosh\demoactivities\battlescene.h(368): warning C4244: 'argument': conversion from 'double' to 'T', possible loss of data
          with
          [
              T=float
          ]
c:\users\bountyhunter\code\heartgoldswoosh\exampledemo\swoosh\demoactivities\battlescene.h(369): warning C4244: 'argument': conversion from 'double' to 'T', possible loss of data
          with
          [
              T=float
          ]
c:\users\bountyhunter\code\heartgoldswoosh\exampledemo\swoosh\demoactivities\battlescene.h(378): warning C4244: 'argument': conversion from 'double' to 'float', possible loss of data
c:\users\bountyhunter\code\heartgoldswoosh\exampledemo\swoosh\demoactivities\battlescene.h(379): warning C4244: 'argument': conversion from 'double' to 'sf::Uint8', possible loss of data
c:\users\bountyhunter\code\heartgoldswoosh\exampledemo\swoosh\demoactivities\battlescene.h(380): warning C4244: 'argument': conversion from 'double' to 'float', possible loss of data
c:\users\bountyhunter\code\heartgoldswoosh\exampledemo\swoosh\demoactivities\battlescene.h(407): warning C4244: 'argument': conversion from 'int' to 'T', possible loss of data
          with
          [
              T=float
          ]
c:\users\bountyhunter\code\heartgoldswoosh\exampledemo\swoosh\demoactivities\battlescene.h(447): warning C4244: 'argument': conversion from 'double' to 'float', possible loss of data
c:\users\bountyhunter\code\heartgoldswoosh\exampledemo\swoosh\demoactivities\battlescene.h(483): warning C4244: 'initializing': conversion from 'double' to 'float', possible loss of data
c:\users\bountyhunter\code\heartgoldswoosh\exampledemo\swoosh\demoactivities\battlescene.h(484): warning C4244: 'initializing': conversion from 'double' to 'float', possible loss of data
c:\users\bountyhunter\code\heartgoldswoosh\exampledemo\swoosh\demoactivities\battlescene.h(664): warning C4244: 'argument': conversion from 'double' to 'float', possible loss of data
c:\users\bountyhunter\code\heartgoldswoosh\exampledemo\swoosh\demoactivities\battlescene.h(668): warning C4244: 'argument': conversion from 'double' to 'float', possible loss of data
c:\users\bountyhunter\code\heartgoldswoosh\exampledemo\swoosh\demoactivities\battlescene.h(672): warning C4244: 'argument': conversion from 'double' to 'float', possible loss of data
c:\users\bountyhunter\code\heartgoldswoosh\exampledemo\swoosh\demoactivities\battlescene.h(676): warning C4244: 'argument': conversion from 'double' to 'float', possible loss of data
c:\users\bountyhunter\code\heartgoldswoosh\exampledemo\swoosh\demoactivities\battlescene.h(682): warning C4244: 'argument': conversion from 'double' to 'float', possible loss of data
c:\users\bountyhunter\code\heartgoldswoosh\exampledemo\swoosh\demoactivities\battlescene.h(693): warning C4244: 'argument': conversion from 'double' to 'float', possible loss of data
c:\users\bountyhunter\code\heartgoldswoosh\exampledemo\swoosh\demoactivities\battlescene.h(703): warning C4244: 'argument': conversion from 'double' to 'float', possible loss of data
c:\users\bountyhunter\code\heartgoldswoosh\exampledemo\swoosh\demoactivities\battlescene.h(713): warning C4244: 'argument': conversion from 'double' to 'float', possible loss of data
c:\users\bountyhunter\code\heartgoldswoosh\exampledemo\swoosh\demoactivities\battlescene.h(726): warning C4244: 'argument': conversion from 'double' to 'float', possible loss of data
c:\users\bountyhunter\code\heartgoldswoosh\src\swoosh\ease.h(17): warning C4244: 'initializing': conversion from 'double' to 'T', possible loss of data
          with
          [
              T=float
          ]
  c:\users\bountyhunter\code\heartgoldswoosh\exampledemo\swoosh\demoactivities\battlescene.h(474): note: see reference to function template instantiation 'T swoosh::ease::linear<float>(T,T,T)' being compiled
          with
          [
              T=float
          ]
  SignalRoundOver.cpp
c:\users\bountyhunter\code\heartgoldswoosh\src\swoosh\game.h(53): warning C4244: 'argument': conversion from 'double' to 'T', possible loss of data
          with
          [
              T=float
          ]
c:\users\bountyhunter\code\heartgoldswoosh\src\swoosh\game.h(57): warning C4244: 'argument': conversion from 'double' to 'T', possible loss of data
          with
          [
              T=float
          ]
c:\users\bountyhunter\code\heartgoldswoosh\src\segues\whitewashfade.h(20): warning C4244: 'argument': conversion from 'T' to 'T', possible loss of data
          with
          [
              T=unsigned int
          ]
          and
          [
              T=float
          ]
c:\users\bountyhunter\code\heartgoldswoosh\src\segues\whitewashfade.h(21): warning C4244: 'argument': conversion from 'double' to 'sf::Uint8', possible loss of data
c:\users\bountyhunter\code\heartgoldswoosh\src\segues\blackwashfade.h(20): warning C4244: 'argument': conversion from 'T' to 'T', possible loss of data
          with
          [
              T=unsigned int
          ]
          and
          [
              T=float
          ]
c:\users\bountyhunter\code\heartgoldswoosh\src\segues\blackwashfade.h(21): warning C4244: 'argument': conversion from 'double' to 'sf::Uint8', possible loss of data
c:\users\bountyhunter\code\heartgoldswoosh\exampledemo\swoosh\tmxmaplayer.h(129): warning C4244: 'argument': conversion from 'T' to 'T', possible loss of data
          with
          [
              T=int
          ]
          and
          [
              T=float
          ]
c:\users\bountyhunter\code\heartgoldswoosh\exampledemo\swoosh\tmxmaplayer.h(166): warning C4244: 'argument': conversion from 'size_t' to 'T', possible loss of data
          with
          [
              T=float
          ]
c:\users\bountyhunter\code\heartgoldswoosh\exampledemo\swoosh\tmxmaplayer.h(169): warning C4244: 'argument': conversion from 'uint32_t' to 'T', possible loss of data
          with
          [
              T=float
          ]
c:\users\bountyhunter\code\heartgoldswoosh\exampledemo\swoosh\tmxmaplayer.h(176): warning C4244: 'argument': conversion from 'T' to 'T', possible loss of data
          with
          [
              T=unsigned int
          ]
          and
          [
              T=float
          ]
c:\users\bountyhunter\code\heartgoldswoosh\exampledemo\swoosh\tmxmaplayer.h(177): warning C4244: 'argument': conversion from 'T' to 'T', possible loss of data
          with
          [
              T=unsigned int
          ]
          and
          [
              T=float
          ]
c:\users\bountyhunter\code\heartgoldswoosh\exampledemo\swoosh\tmxmaplayer.h(178): warning C4244: 'argument': conversion from 'T' to 'T', possible loss of data
          with
          [
              T=unsigned int
          ]
          and
          [
              T=float
          ]
c:\users\bountyhunter\code\heartgoldswoosh\exampledemo\swoosh\tmxmaplayer.h(356): warning C4244: '=': conversion from 'int' to 'float', possible loss of data
c:\users\bountyhunter\code\heartgoldswoosh\exampledemo\swoosh\tmxmaplayer.h(357): warning C4244: '=': conversion from 'int' to 'float', possible loss of data
c:\users\bountyhunter\code\heartgoldswoosh\exampledemo\swoosh\tmxmaplayer.h(368): warning C4244: 'argument': conversion from 'float' to 'const unsigned __int64', possible loss of data
c:\users\bountyhunter\code\heartgoldswoosh\exampledemo\swoosh\demoactivities\battlescene.h(110): warning C4305: 'argument': truncation from 'double' to 'float'
c:\users\bountyhunter\code\heartgoldswoosh\exampledemo\swoosh\demoactivities\battlescene.h(114): warning C4305: 'argument': truncation from 'double' to 'float'
c:\users\bountyhunter\code\heartgoldswoosh\exampledemo\swoosh\demoactivities\battlescene.h(296): warning C4244: '=': conversion from 'double' to 'int', possible loss of data
c:\users\bountyhunter\code\heartgoldswoosh\exampledemo\swoosh\demoactivities\battlescene.h(304): warning C4244: '=': conversion from 'double' to 'int', possible loss of data
c:\users\bountyhunter\code\heartgoldswoosh\exampledemo\swoosh\demoactivities\battlescene.h(313): warning C4244: '=': conversion from 'double' to 'int', possible loss of data
c:\users\bountyhunter\code\heartgoldswoosh\exampledemo\swoosh\demoactivities\battlescene.h(322): warning C4244: '=': conversion from 'double' to 'int', possible loss of data
c:\users\bountyhunter\code\heartgoldswoosh\exampledemo\swoosh\demoactivities\battlescene.h(331): warning C4244: '=': conversion from 'double' to 'int', possible loss of data
c:\users\bountyhunter\code\heartgoldswoosh\exampledemo\swoosh\demoactivities\battlescene.h(340): warning C4244: '=': conversion from 'double' to 'int', possible loss of data
c:\users\bountyhunter\code\heartgoldswoosh\exampledemo\swoosh\demoactivities\battlescene.h(349): warning C4244: '=': conversion from 'double' to 'int', possible loss of data
c:\users\bountyhunter\code\heartgoldswoosh\exampledemo\swoosh\demoactivities\battlescene.h(368): warning C4244: 'argument': conversion from 'double' to 'T', possible loss of data
          with
          [
              T=float
          ]
c:\users\bountyhunter\code\heartgoldswoosh\exampledemo\swoosh\demoactivities\battlescene.h(369): warning C4244: 'argument': conversion from 'double' to 'T', possible loss of data
          with
          [
              T=float
          ]
c:\users\bountyhunter\code\heartgoldswoosh\exampledemo\swoosh\demoactivities\battlescene.h(378): warning C4244: 'argument': conversion from 'double' to 'float', possible loss of data
c:\users\bountyhunter\code\heartgoldswoosh\exampledemo\swoosh\demoactivities\battlescene.h(379): warning C4244: 'argument': conversion from 'double' to 'sf::Uint8', possible loss of data
c:\users\bountyhunter\code\heartgoldswoosh\exampledemo\swoosh\demoactivities\battlescene.h(380): warning C4244: 'argument': conversion from 'double' to 'float', possible loss of data
c:\users\bountyhunter\code\heartgoldswoosh\exampledemo\swoosh\demoactivities\battlescene.h(407): warning C4244: 'argument': conversion from 'int' to 'T', possible loss of data
          with
          [
              T=float
          ]
c:\users\bountyhunter\code\heartgoldswoosh\exampledemo\swoosh\demoactivities\battlescene.h(447): warning C4244: 'argument': conversion from 'double' to 'float', possible loss of data
c:\users\bountyhunter\code\heartgoldswoosh\exampledemo\swoosh\demoactivities\battlescene.h(483): warning C4244: 'initializing': conversion from 'double' to 'float', possible loss of data
c:\users\bountyhunter\code\heartgoldswoosh\exampledemo\swoosh\demoactivities\battlescene.h(484): warning C4244: 'initializing': conversion from 'double' to 'float', possible loss of data
c:\users\bountyhunter\code\heartgoldswoosh\exampledemo\swoosh\demoactivities\battlescene.h(664): warning C4244: 'argument': conversion from 'double' to 'float', possible loss of data
c:\users\bountyhunter\code\heartgoldswoosh\exampledemo\swoosh\demoactivities\battlescene.h(668): warning C4244: 'argument': conversion from 'double' to 'float', possible loss of data
c:\users\bountyhunter\code\heartgoldswoosh\exampledemo\swoosh\demoactivities\battlescene.h(672): warning C4244: 'argument': conversion from 'double' to 'float', possible loss of data
c:\users\bountyhunter\code\heartgoldswoosh\exampledemo\swoosh\demoactivities\battlescene.h(676): warning C4244: 'argument': conversion from 'double' to 'float', possible loss of data
c:\users\bountyhunter\code\heartgoldswoosh\exampledemo\swoosh\demoactivities\battlescene.h(682): warning C4244: 'argument': conversion from 'double' to 'float', possible loss of data
c:\users\bountyhunter\code\heartgoldswoosh\exampledemo\swoosh\demoactivities\battlescene.h(693): warning C4244: 'argument': conversion from 'double' to 'float', possible loss of data
c:\users\bountyhunter\code\heartgoldswoosh\exampledemo\swoosh\demoactivities\battlescene.h(703): warning C4244: 'argument': conversion from 'double' to 'float', possible loss of data
c:\users\bountyhunter\code\heartgoldswoosh\exampledemo\swoosh\demoactivities\battlescene.h(713): warning C4244: 'argument': conversion from 'double' to 'float', possible loss of data
c:\users\bountyhunter\code\heartgoldswoosh\exampledemo\swoosh\demoactivities\battlescene.h(726): warning C4244: 'argument': conversion from 'double' to 'float', possible loss of data
c:\users\bountyhunter\code\heartgoldswoosh\src\swoosh\ease.h(17): warning C4244: 'initializing': conversion from 'double' to 'T', possible loss of data
          with
          [
              T=float
          ]
  c:\users\bountyhunter\code\heartgoldswoosh\exampledemo\swoosh\demoactivities\battlescene.h(474): note: see reference to function template instantiation 'T swoosh::ease::linear<float>(T,T,T)' being compiled
          with
          [
              T=float
          ]
  SpawnNewPokemon.cpp
c:\users\bountyhunter\code\heartgoldswoosh\src\swoosh\game.h(53): warning C4244: 'argument': conversion from 'double' to 'T', possible loss of data
          with
          [
              T=float
          ]
c:\users\bountyhunter\code\heartgoldswoosh\src\swoosh\game.h(57): warning C4244: 'argument': conversion from 'double' to 'T', possible loss of data
          with
          [
              T=float
          ]
c:\users\bountyhunter\code\heartgoldswoosh\src\segues\whitewashfade.h(20): warning C4244: 'argument': conversion from 'T' to 'T', possible loss of data
          with
          [
              T=unsigned int
          ]
          and
          [
              T=float
          ]
c:\users\bountyhunter\code\heartgoldswoosh\src\segues\whitewashfade.h(21): warning C4244: 'argument': conversion from 'double' to 'sf::Uint8', possible loss of data
c:\users\bountyhunter\code\heartgoldswoosh\src\segues\blackwashfade.h(20): warning C4244: 'argument': conversion from 'T' to 'T', possible loss of data
          with
          [
              T=unsigned int
          ]
          and
          [
              T=float
          ]
c:\users\bountyhunter\code\heartgoldswoosh\src\segues\blackwashfade.h(21): warning C4244: 'argument': conversion from 'double' to 'sf::Uint8', possible loss of data
c:\users\bountyhunter\code\heartgoldswoosh\exampledemo\swoosh\tmxmaplayer.h(129): warning C4244: 'argument': conversion from 'T' to 'T', possible loss of data
          with
          [
              T=int
          ]
          and
          [
              T=float
          ]
c:\users\bountyhunter\code\heartgoldswoosh\exampledemo\swoosh\tmxmaplayer.h(166): warning C4244: 'argument': conversion from 'size_t' to 'T', possible loss of data
          with
          [
              T=float
          ]
c:\users\bountyhunter\code\heartgoldswoosh\exampledemo\swoosh\tmxmaplayer.h(169): warning C4244: 'argument': conversion from 'uint32_t' to 'T', possible loss of data
          with
          [
              T=float
          ]
c:\users\bountyhunter\code\heartgoldswoosh\exampledemo\swoosh\tmxmaplayer.h(176): warning C4244: 'argument': conversion from 'T' to 'T', possible loss of data
          with
          [
              T=unsigned int
          ]
          and
          [
              T=float
          ]
c:\users\bountyhunter\code\heartgoldswoosh\exampledemo\swoosh\tmxmaplayer.h(177): warning C4244: 'argument': conversion from 'T' to 'T', possible loss of data
          with
          [
              T=unsigned int
          ]
          and
          [
              T=float
          ]
c:\users\bountyhunter\code\heartgoldswoosh\exampledemo\swoosh\tmxmaplayer.h(178): warning C4244: 'argument': conversion from 'T' to 'T', possible loss of data
          with
          [
              T=unsigned int
          ]
          and
          [
              T=float
          ]
c:\users\bountyhunter\code\heartgoldswoosh\exampledemo\swoosh\tmxmaplayer.h(356): warning C4244: '=': conversion from 'int' to 'float', possible loss of data
c:\users\bountyhunter\code\heartgoldswoosh\exampledemo\swoosh\tmxmaplayer.h(357): warning C4244: '=': conversion from 'int' to 'float', possible loss of data
c:\users\bountyhunter\code\heartgoldswoosh\exampledemo\swoosh\tmxmaplayer.h(368): warning C4244: 'argument': conversion from 'float' to 'const unsigned __int64', possible loss of data
c:\users\bountyhunter\code\heartgoldswoosh\exampledemo\swoosh\demoactivities\battlescene.h(110): warning C4305: 'argument': truncation from 'double' to 'float'
c:\users\bountyhunter\code\heartgoldswoosh\exampledemo\swoosh\demoactivities\battlescene.h(114): warning C4305: 'argument': truncation from 'double' to 'float'
c:\users\bountyhunter\code\heartgoldswoosh\exampledemo\swoosh\demoactivities\battlescene.h(296): warning C4244: '=': conversion from 'double' to 'int', possible loss of data
c:\users\bountyhunter\code\heartgoldswoosh\exampledemo\swoosh\demoactivities\battlescene.h(304): warning C4244: '=': conversion from 'double' to 'int', possible loss of data
c:\users\bountyhunter\code\heartgoldswoosh\exampledemo\swoosh\demoactivities\battlescene.h(313): warning C4244: '=': conversion from 'double' to 'int', possible loss of data
c:\users\bountyhunter\code\heartgoldswoosh\exampledemo\swoosh\demoactivities\battlescene.h(322): warning C4244: '=': conversion from 'double' to 'int', possible loss of data
c:\users\bountyhunter\code\heartgoldswoosh\exampledemo\swoosh\demoactivities\battlescene.h(331): warning C4244: '=': conversion from 'double' to 'int', possible loss of data
c:\users\bountyhunter\code\heartgoldswoosh\exampledemo\swoosh\demoactivities\battlescene.h(340): warning C4244: '=': conversion from 'double' to 'int', possible loss of data
c:\users\bountyhunter\code\heartgoldswoosh\exampledemo\swoosh\demoactivities\battlescene.h(349): warning C4244: '=': conversion from 'double' to 'int', possible loss of data
c:\users\bountyhunter\code\heartgoldswoosh\exampledemo\swoosh\demoactivities\battlescene.h(368): warning C4244: 'argument': conversion from 'double' to 'T', possible loss of data
          with
          [
              T=float
          ]
c:\users\bountyhunter\code\heartgoldswoosh\exampledemo\swoosh\demoactivities\battlescene.h(369): warning C4244: 'argument': conversion from 'double' to 'T', possible loss of data
          with
          [
              T=float
          ]
c:\users\bountyhunter\code\heartgoldswoosh\exampledemo\swoosh\demoactivities\battlescene.h(378): warning C4244: 'argument': conversion from 'double' to 'float', possible loss of data
c:\users\bountyhunter\code\heartgoldswoosh\exampledemo\swoosh\demoactivities\battlescene.h(379): warning C4244: 'argument': conversion from 'double' to 'sf::Uint8', possible loss of data
c:\users\bountyhunter\code\heartgoldswoosh\exampledemo\swoosh\demoactivities\battlescene.h(380): warning C4244: 'argument': conversion from 'double' to 'float', possible loss of data
c:\users\bountyhunter\code\heartgoldswoosh\exampledemo\swoosh\demoactivities\battlescene.h(407): warning C4244: 'argument': conversion from 'int' to 'T', possible loss of data
          with
          [
              T=float
          ]
c:\users\bountyhunter\code\heartgoldswoosh\exampledemo\swoosh\demoactivities\battlescene.h(447): warning C4244: 'argument': conversion from 'double' to 'float', possible loss of data
c:\users\bountyhunter\code\heartgoldswoosh\exampledemo\swoosh\demoactivities\battlescene.h(483): warning C4244: 'initializing': conversion from 'double' to 'float', possible loss of data
c:\users\bountyhunter\code\heartgoldswoosh\exampledemo\swoosh\demoactivities\battlescene.h(484): warning C4244: 'initializing': conversion from 'double' to 'float', possible loss of data
c:\users\bountyhunter\code\heartgoldswoosh\exampledemo\swoosh\demoactivities\battlescene.h(664): warning C4244: 'argument': conversion from 'double' to 'float', possible loss of data
c:\users\bountyhunter\code\heartgoldswoosh\exampledemo\swoosh\demoactivities\battlescene.h(668): warning C4244: 'argument': conversion from 'double' to 'float', possible loss of data
c:\users\bountyhunter\code\heartgoldswoosh\exampledemo\swoosh\demoactivities\battlescene.h(672): warning C4244: 'argument': conversion from 'double' to 'float', possible loss of data
c:\users\bountyhunter\code\heartgoldswoosh\exampledemo\swoosh\demoactivities\battlescene.h(676): warning C4244: 'argument': conversion from 'double' to 'float', possible loss of data
c:\users\bountyhunter\code\heartgoldswoosh\exampledemo\swoosh\demoactivities\battlescene.h(682): warning C4244: 'argument': conversion from 'double' to 'float', possible loss of data
c:\users\bountyhunter\code\heartgoldswoosh\exampledemo\swoosh\demoactivities\battlescene.h(693): warning C4244: 'argument': conversion from 'double' to 'float', possible loss of data
c:\users\bountyhunter\code\heartgoldswoosh\exampledemo\swoosh\demoactivities\battlescene.h(703): warning C4244: 'argument': conversion from 'double' to 'float', possible loss of data
c:\users\bountyhunter\code\heartgoldswoosh\exampledemo\swoosh\demoactivities\battlescene.h(713): warning C4244: 'argument': conversion from 'double' to 'float', possible loss of data
c:\users\bountyhunter\code\heartgoldswoosh\exampledemo\swoosh\demoactivities\battlescene.h(726): warning C4244: 'argument': conversion from 'double' to 'float', possible loss of data
c:\users\bountyhunter\code\heartgoldswoosh\exampledemo\swoosh\spawnnewpokemon.cpp(22): warning C4244: 'argument': conversion from 'double' to 'float', possible loss of data
c:\users\bountyhunter\code\heartgoldswoosh\src\swoosh\ease.h(17): warning C4244: 'initializing': conversion from 'double' to 'T', possible loss of data
          with
          [
              T=float
          ]
  c:\users\bountyhunter\code\heartgoldswoosh\exampledemo\swoosh\demoactivities\battlescene.h(474): note: see reference to function template instantiation 'T swoosh::ease::linear<float>(T,T,T)' being compiled
          with
          [
              T=float
          ]
  TakeDamage.cpp
LINK : warning LNK4075: ignoring '/INCREMENTAL' due to '/LTCG' specification
     Creating library C:\Users\Bountyhunter\Code\HeartGoldSwoosh\ExampleDemo\x64\Release\Swoosh.lib and object C:\Users\Bountyhunter\Code\HeartGoldSwoosh\ExampleDemo\x64\Release\Swoosh.exp
  Generating code
  2 of 2250 functions (<0.1%) were compiled, the rest were copied from previous compilation.
    0 functions were new in current compilation
    1 functions had inline decision re-evaluated but remain unchanged
  Finished generating code
  Swoosh.vcxproj -> C:\Users\Bountyhunter\Code\HeartGoldSwoosh\ExampleDemo\x64\Release\Swoosh.exe
