  Demo.cpp
c:\users\bountyhunter\code\heartgoldswoosh\src\swoosh\game.h(53): warning C4244: 'argument': conversion from 'double' to 'T', possible loss of data
          with
          [
              T=float
          ]
c:\users\bountyhunter\code\heartgoldswoosh\src\swoosh\game.h(57): warning C4244: 'argument': conversion from 'double' to 'T', possible loss of data
          with
          [
              T=float
          ]
c:\users\bountyhunter\code\heartgoldswoosh\src\segues\whitewashfade.h(20): warning C4244: 'argument': conversion from 'T' to 'T', possible loss of data
          with
          [
              T=unsigned int
          ]
          and
          [
              T=float
          ]
c:\users\bountyhunter\code\heartgoldswoosh\src\segues\whitewashfade.h(21): warning C4244: 'argument': conversion from 'double' to 'sf::Uint8', possible loss of data
c:\users\bountyhunter\code\heartgoldswoosh\src\segues\slidein.h(35): warning C4244: 'argument': conversion from 'double' to 'float', possible loss of data
c:\users\bountyhunter\code\heartgoldswoosh\src\segues\slidein.h(44): warning C4244: 'argument': conversion from 'double' to 'float', possible loss of data
c:\users\bountyhunter\code\heartgoldswoosh\src\segues\blendfadein.h(34): warning C4244: 'argument': conversion from 'double' to 'sf::Uint8', possible loss of data
c:\users\bountyhunter\code\heartgoldswoosh\src\segues\blendfadein.h(35): warning C4244: 'argument': conversion from 'double' to 'sf::Uint8', possible loss of data
c:\users\bountyhunter\code\heartgoldswoosh\src\segues\pageturn.h(106): warning C4244: 'argument': conversion from 'int' to 'T', possible loss of data
          with
          [
              T=float
          ]
c:\users\bountyhunter\code\heartgoldswoosh\src\segues\pageturn.h(107): warning C4244: 'argument': conversion from 'int' to 'T', possible loss of data
          with
          [
              T=float
          ]
c:\users\bountyhunter\code\heartgoldswoosh\src\segues\pageturn.h(108): warning C4244: 'argument': conversion from 'int' to 'T', possible loss of data
          with
          [
              T=float
          ]
c:\users\bountyhunter\code\heartgoldswoosh\src\segues\pageturn.h(109): warning C4244: 'argument': conversion from 'int' to 'T', possible loss of data
          with
          [
              T=float
          ]
c:\users\bountyhunter\code\heartgoldswoosh\src\segues\pageturn.h(164): warning C4244: '=': conversion from 'double' to 'float', possible loss of data
c:\users\bountyhunter\code\heartgoldswoosh\src\segues\pageturn.h(165): warning C4244: '=': conversion from 'double' to 'float', possible loss of data
c:\users\bountyhunter\code\heartgoldswoosh\src\segues\pageturn.h(166): warning C4244: '=': conversion from 'double' to 'float', possible loss of data
c:\users\bountyhunter\code\heartgoldswoosh\src\segues\pageturn.h(174): warning C4244: '=': conversion from 'double' to 'float', possible loss of data
c:\users\bountyhunter\code\heartgoldswoosh\src\segues\pageturn.h(183): warning C4244: '=': conversion from 'double' to 'float', possible loss of data
c:\users\bountyhunter\code\heartgoldswoosh\src\segues\pageturn.h(184): warning C4244: '=': conversion from 'double' to 'float', possible loss of data
c:\users\bountyhunter\code\heartgoldswoosh\src\segues\pageturn.h(185): warning C4244: '=': conversion from 'double' to 'float', possible loss of data
c:\users\bountyhunter\code\heartgoldswoosh\src\segues\pageturn.h(232): warning C4244: 'argument': conversion from 'T' to 'int', possible loss of data
          with
          [
              T=float
          ]
c:\users\bountyhunter\code\heartgoldswoosh\src\segues\zoomout.h(29): warning C4244: 'argument': conversion from 'double' to 'float', possible loss of data
c:\users\bountyhunter\code\heartgoldswoosh\src\segues\zoomin.h(29): warning C4244: 'argument': conversion from 'double' to 'float', possible loss of data
c:\users\bountyhunter\code\heartgoldswoosh\src\segues\horizontalslice.h(28): warning C4244: 'argument': conversion from 'double' to 'float', possible loss of data
c:\users\bountyhunter\code\heartgoldswoosh\src\segues\horizontalslice.h(32): warning C4244: 'argument': conversion from 'T' to 'float', possible loss of data
          with
          [
              T=unsigned int
          ]
c:\users\bountyhunter\code\heartgoldswoosh\src\segues\horizontalslice.h(32): warning C4244: 'argument': conversion from 'double' to 'float', possible loss of data
c:\users\bountyhunter\code\heartgoldswoosh\src\segues\verticalslice.h(28): warning C4244: 'argument': conversion from 'double' to 'T', possible loss of data
          with
          [
              T=int
          ]
c:\users\bountyhunter\code\heartgoldswoosh\src\segues\verticalslice.h(29): warning C4244: 'argument': conversion from 'double' to 'float', possible loss of data
c:\users\bountyhunter\code\heartgoldswoosh\src\segues\verticalslice.h(32): warning C4244: 'argument': conversion from 'double' to 'T', possible loss of data
          with
          [
              T=int
          ]
c:\users\bountyhunter\code\heartgoldswoosh\src\segues\verticalslice.h(33): warning C4244: 'argument': conversion from 'double' to 'float', possible loss of data
c:\users\bountyhunter\code\heartgoldswoosh\src\segues\horizontalopen.h(28): warning C4244: 'argument': conversion from 'double' to 'float', possible loss of data
c:\users\bountyhunter\code\heartgoldswoosh\src\segues\horizontalopen.h(32): warning C4244: 'argument': conversion from 'double' to 'float', possible loss of data
c:\users\bountyhunter\code\heartgoldswoosh\src\segues\verticalopen.h(26): warning C4244: 'argument': conversion from 'double' to 'T', possible loss of data
          with
          [
              T=int
          ]
c:\users\bountyhunter\code\heartgoldswoosh\src\segues\verticalopen.h(27): warning C4244: 'argument': conversion from 'double' to 'float', possible loss of data
c:\users\bountyhunter\code\heartgoldswoosh\src\segues\verticalopen.h(30): warning C4244: 'argument': conversion from 'double' to 'T', possible loss of data
          with
          [
              T=int
          ]
c:\users\bountyhunter\code\heartgoldswoosh\src\segues\verticalopen.h(31): warning C4244: 'argument': conversion from 'double' to 'float', possible loss of data
c:\users\bountyhunter\code\heartgoldswoosh\src\segues\blackwashfade.h(20): warning C4244: 'argument': conversion from 'T' to 'T', possible loss of data
          with
          [
              T=unsigned int
          ]
          and
          [
              T=float
          ]
c:\users\bountyhunter\code\heartgoldswoosh\src\segues\blackwashfade.h(21): warning C4244: 'argument': conversion from 'double' to 'sf::Uint8', possible loss of data
c:\users\bountyhunter\code\heartgoldswoosh\exampledemo\swoosh\tmxmaplayer.h(129): warning C4244: 'argument': conversion from 'T' to 'T', possible loss of data
          with
          [
              T=int
          ]
          and
          [
              T=float
          ]
c:\users\bountyhunter\code\heartgoldswoosh\exampledemo\swoosh\tmxmaplayer.h(166): warning C4244: 'argument': conversion from 'size_t' to 'T', possible loss of data
          with
          [
              T=float
          ]
c:\users\bountyhunter\code\heartgoldswoosh\exampledemo\swoosh\tmxmaplayer.h(169): warning C4244: 'argument': conversion from 'uint32_t' to 'T', possible loss of data
          with
          [
              T=float
          ]
c:\users\bountyhunter\code\heartgoldswoosh\exampledemo\swoosh\tmxmaplayer.h(176): warning C4244: 'argument': conversion from 'T' to 'T', possible loss of data
          with
          [
              T=unsigned int
          ]
          and
          [
              T=float
          ]
c:\users\bountyhunter\code\heartgoldswoosh\exampledemo\swoosh\tmxmaplayer.h(177): warning C4244: 'argument': conversion from 'T' to 'T', possible loss of data
          with
          [
              T=unsigned int
          ]
          and
          [
              T=float
          ]
c:\users\bountyhunter\code\heartgoldswoosh\exampledemo\swoosh\tmxmaplayer.h(178): warning C4244: 'argument': conversion from 'T' to 'T', possible loss of data
          with
          [
              T=unsigned int
          ]
          and
          [
              T=float
          ]
c:\users\bountyhunter\code\heartgoldswoosh\exampledemo\swoosh\tmxmaplayer.h(356): warning C4244: '=': conversion from 'int' to 'float', possible loss of data
c:\users\bountyhunter\code\heartgoldswoosh\exampledemo\swoosh\tmxmaplayer.h(357): warning C4244: '=': conversion from 'int' to 'float', possible loss of data
c:\users\bountyhunter\code\heartgoldswoosh\exampledemo\swoosh\tmxmaplayer.h(368): warning C4244: 'argument': conversion from 'float' to 'const unsigned __int64', possible loss of data
c:\users\bountyhunter\code\heartgoldswoosh\exampledemo\swoosh\battleactions.h(41): warning C4244: '=': conversion from 'double' to 'T', possible loss of data
          with
          [
              T=float
          ]
c:\users\bountyhunter\code\heartgoldswoosh\exampledemo\swoosh\battleactions.h(42): warning C4244: '=': conversion from 'double' to 'T', possible loss of data
          with
          [
              T=float
          ]
c:\users\bountyhunter\code\heartgoldswoosh\exampledemo\swoosh\battleactions.h(106): warning C4244: '=': conversion from 'double' to 'int', possible loss of data
c:\users\bountyhunter\code\heartgoldswoosh\exampledemo\swoosh\battleactions.h(130): warning C4244: '+=': conversion from 'double' to 'int', possible loss of data
c:\users\bountyhunter\code\heartgoldswoosh\exampledemo\swoosh\battleactions.h(175): warning C4244: 'argument': conversion from 'double' to 'T', possible loss of data
          with
          [
              T=int
          ]
c:\users\bountyhunter\code\heartgoldswoosh\exampledemo\swoosh\battleactions.h(205): warning C4244: 'initializing': conversion from 'double' to 'int', possible loss of data
c:\users\bountyhunter\code\heartgoldswoosh\exampledemo\swoosh\battleactions.h(244): warning C4244: 'argument': conversion from 'double' to 'float', possible loss of data
c:\users\bountyhunter\code\heartgoldswoosh\exampledemo\swoosh\battleactions.h(284): warning C4244: 'argument': conversion from 'double' to 'float', possible loss of data
c:\users\bountyhunter\code\heartgoldswoosh\exampledemo\swoosh\battleactions.h(330): warning C4244: 'argument': conversion from 'double' to 'float', possible loss of data
c:\users\bountyhunter\code\heartgoldswoosh\exampledemo\swoosh\demoactivities\battlescene.h(213): warning C4244: 'argument': conversion from 'double' to 'float', possible loss of data
c:\users\bountyhunter\code\heartgoldswoosh\exampledemo\swoosh\demoactivities\battlescene.h(339): warning C4305: 'argument': truncation from 'double' to 'float'
c:\users\bountyhunter\code\heartgoldswoosh\exampledemo\swoosh\demoactivities\battlescene.h(343): warning C4305: 'argument': truncation from 'double' to 'float'
c:\users\bountyhunter\code\heartgoldswoosh\exampledemo\swoosh\demoactivities\battlescene.h(523): warning C4244: '=': conversion from 'double' to 'int', possible loss of data
c:\users\bountyhunter\code\heartgoldswoosh\exampledemo\swoosh\demoactivities\battlescene.h(531): warning C4244: '=': conversion from 'double' to 'int', possible loss of data
c:\users\bountyhunter\code\heartgoldswoosh\exampledemo\swoosh\demoactivities\battlescene.h(540): warning C4244: '=': conversion from 'double' to 'int', possible loss of data
c:\users\bountyhunter\code\heartgoldswoosh\exampledemo\swoosh\demoactivities\battlescene.h(549): warning C4244: '=': conversion from 'double' to 'int', possible loss of data
c:\users\bountyhunter\code\heartgoldswoosh\exampledemo\swoosh\demoactivities\battlescene.h(558): warning C4244: '=': conversion from 'double' to 'int', possible loss of data
c:\users\bountyhunter\code\heartgoldswoosh\exampledemo\swoosh\demoactivities\battlescene.h(567): warning C4244: '=': conversion from 'double' to 'int', possible loss of data
c:\users\bountyhunter\code\heartgoldswoosh\exampledemo\swoosh\demoactivities\battlescene.h(576): warning C4244: '=': conversion from 'double' to 'int', possible loss of data
c:\users\bountyhunter\code\heartgoldswoosh\exampledemo\swoosh\demoactivities\battlescene.h(596): warning C4244: 'argument': conversion from 'double' to 'T', possible loss of data
          with
          [
              T=float
          ]
c:\users\bountyhunter\code\heartgoldswoosh\exampledemo\swoosh\demoactivities\battlescene.h(599): warning C4244: 'argument': conversion from 'double' to 'float', possible loss of data
c:\users\bountyhunter\code\heartgoldswoosh\exampledemo\swoosh\demoactivities\battlescene.h(600): warning C4244: 'argument': conversion from 'double' to 'sf::Uint8', possible loss of data
c:\users\bountyhunter\code\heartgoldswoosh\exampledemo\swoosh\demoactivities\battlescene.h(622): warning C4244: 'argument': conversion from 'int' to 'T', possible loss of data
          with
          [
              T=float
          ]
c:\users\bountyhunter\code\heartgoldswoosh\exampledemo\swoosh\demoactivities\battlescene.h(637): warning C4244: 'argument': conversion from 'double' to 'float', possible loss of data
c:\users\bountyhunter\code\heartgoldswoosh\exampledemo\swoosh\demoactivities\battlescene.h(669): warning C4244: 'initializing': conversion from 'double' to 'float', possible loss of data
c:\users\bountyhunter\code\heartgoldswoosh\exampledemo\swoosh\demoactivities\battlescene.h(670): warning C4244: 'initializing': conversion from 'double' to 'float', possible loss of data
c:\users\bountyhunter\code\heartgoldswoosh\exampledemo\swoosh\demoactivities\battlescene.h(835): warning C4244: 'argument': conversion from 'double' to 'float', possible loss of data
c:\users\bountyhunter\code\heartgoldswoosh\exampledemo\swoosh\demoactivities\battlescene.h(839): warning C4244: 'argument': conversion from 'double' to 'float', possible loss of data
c:\users\bountyhunter\code\heartgoldswoosh\exampledemo\swoosh\demoactivities\battlescene.h(843): warning C4244: 'argument': conversion from 'double' to 'float', possible loss of data
c:\users\bountyhunter\code\heartgoldswoosh\exampledemo\swoosh\demoactivities\battlescene.h(847): warning C4244: 'argument': conversion from 'double' to 'float', possible loss of data
c:\users\bountyhunter\code\heartgoldswoosh\exampledemo\swoosh\demoactivities\battlescene.h(853): warning C4244: 'argument': conversion from 'double' to 'float', possible loss of data
c:\users\bountyhunter\code\heartgoldswoosh\exampledemo\swoosh\demoactivities\battlescene.h(864): warning C4244: 'argument': conversion from 'double' to 'float', possible loss of data
c:\users\bountyhunter\code\heartgoldswoosh\exampledemo\swoosh\demoactivities\battlescene.h(874): warning C4244: 'argument': conversion from 'double' to 'float', possible loss of data
c:\users\bountyhunter\code\heartgoldswoosh\exampledemo\swoosh\demoactivities\battlescene.h(884): warning C4244: 'argument': conversion from 'double' to 'float', possible loss of data
c:\users\bountyhunter\code\heartgoldswoosh\exampledemo\swoosh\demoactivities\battlescene.h(897): warning C4244: 'argument': conversion from 'double' to 'float', possible loss of data
c:\users\bountyhunter\code\heartgoldswoosh\exampledemo\swoosh\demoactivities\mainmenuscene.h(65): warning C4244: 'argument': conversion from 'T' to 'float', possible loss of data
          with
          [
              T=unsigned int
          ]
c:\users\bountyhunter\code\heartgoldswoosh\exampledemo\swoosh\demoactivities\mainmenuscene.h(87): warning C4244: 'argument': conversion from 'double' to 'float', possible loss of data
c:\users\bountyhunter\code\heartgoldswoosh\exampledemo\swoosh\demoactivities\mainmenuscene.h(147): warning C4244: 'argument': conversion from 'T' to 'T', possible loss of data
          with
          [
              T=unsigned int
          ]
          and
          [
              T=float
          ]
c:\users\bountyhunter\code\heartgoldswoosh\exampledemo\swoosh\demoactivities\mainmenuscene.h(148): warning C4244: 'argument': conversion from 'double' to 'sf::Uint8', possible loss of data
c:\users\bountyhunter\code\heartgoldswoosh\exampledemo\swoosh\demoactivities\demoscene.h(55): warning C4244: 'argument': conversion from 'T' to 'float', possible loss of data
          with
          [
              T=unsigned int
          ]
c:\users\bountyhunter\code\heartgoldswoosh\exampledemo\swoosh\demoactivities\demoscene.h(141): warning C4244: 'argument': conversion from 'double' to 'float', possible loss of data
c:\users\bountyhunter\code\heartgoldswoosh\src\swoosh\ease.h(8): warning C4244: 'return': conversion from 'double' to 'T', possible loss of data
          with
          [
              T=float
          ]
  c:\users\bountyhunter\code\heartgoldswoosh\src\segues\pageturn.h(143): note: see reference to function template instantiation 'T swoosh::ease::radians<float>(T)' being compiled
          with
          [
              T=float
          ]
c:\users\bountyhunter\code\heartgoldswoosh\src\swoosh\ease.h(17): warning C4244: 'initializing': conversion from 'double' to 'T', possible loss of data
          with
          [
              T=float
          ]
  c:\users\bountyhunter\code\heartgoldswoosh\exampledemo\swoosh\demoactivities\battlescene.h(660): note: see reference to function template instantiation 'T swoosh::ease::linear<float>(T,T,T)' being compiled
          with
          [
              T=float
          ]
  Swoosh.vcxproj -> C:\Users\Bountyhunter\Code\HeartGoldSwoosh\ExampleDemo\x64\Debug\Swoosh.exe
